Using pre-set license
Built from '2020.3/release' branch; Version is '2020.3.31f1 (6b54b7616050) revision 7034039'; Using compiler version '192528614'; Build Type 'Release'
OS: 'Windows 10  (10.0.19042) 64bit Education' Language: 'ko' Physical Memory: 6097 MB
BatchMode: 1, IsHumanControllingUs: 0, StartBugReporterOnCrash: 0, Is64bit: 1, IsPro: 0

COMMAND LINE ARGUMENTS:
D:\2020.3.31f1\Editor\Unity.exe
-adb2
-batchMode
-noUpm
-name
AssetImportWorker0
-projectPath
D:/ant/IDEA/Idea-Game/My project
-logFile
Logs/AssetImportWorker0.log
-srvPort
8633
Successfully changed project path to: D:/ant/IDEA/Idea-Game/My project
D:/ant/IDEA/Idea-Game/My project
Using Asset Import Pipeline V2.
Refreshing native plugins compatible for Editor in 103.52 ms, found 3 plugins.
Preloading 0 native plugins for Editor in 0.00 ms.
Initialize engine version: 2020.3.31f1 (6b54b7616050)
[Subsystems] Discovering subsystems at path D:/2020.3.31f1/Editor/Data/Resources/UnitySubsystems
[Subsystems] Discovering subsystems at path D:/ant/IDEA/Idea-Game/My project/Assets
GfxDevice: creating device client; threaded=0
Direct3D:
    Version:  Direct3D 11.0 [level 11.0]
    Renderer: NVIDIA GeForce GT 625 (OEM) (ID=0x104b)
    Vendor:   
    VRAM:     979 MB
    Driver:   21.21.13.7654
Initialize mono
Mono path[0] = 'D:/2020.3.31f1/Editor/Data/Managed'
Mono path[1] = 'D:/2020.3.31f1/Editor/Data/MonoBleedingEdge/lib/mono/unityjit'
Mono config path = 'D:/2020.3.31f1/Editor/Data/MonoBleedingEdge/etc'
Using monoOptions --debugger-agent=transport=dt_socket,embedding=1,server=y,suspend=n,address=127.0.0.1:56940
Begin MonoManager ReloadAssembly
Registering precompiled unity dll's ...
Register platform support module: D:/2020.3.31f1/Editor/Data/PlaybackEngines/WindowsStandaloneSupport/UnityEditor.WindowsStandalone.Extensions.dll
Registered in 0.023551 seconds.
Native extension for WindowsStandalone target not found
Refreshing native plugins compatible for Editor in 69.12 ms, found 3 plugins.
Preloading 0 native plugins for Editor in 0.00 ms.
Mono: successfully reloaded assembly
- Completed reload, in  2.885 seconds
Domain Reload Profiling:
	ReloadAssembly (2886ms)
		BeginReloadAssembly (1593ms)
			ExecutionOrderSort (0ms)
			DisableScriptedObjects (0ms)
			BackupInstance (0ms)
			ReleaseScriptingObjects (0ms)
			CreateAndSetChildDomain (1ms)
		EndReloadAssembly (1027ms)
			LoadAssemblies (1593ms)
			RebuildTransferFunctionScriptingTraits (0ms)
			SetupTypeCache (406ms)
			ReleaseScriptCaches (0ms)
			RebuildScriptCaches (45ms)
			SetupLoadedEditorAssemblies (356ms)
				LogAssemblyErrors (0ms)
				InitializePlatformSupportModulesInManaged (14ms)
				SetLoadedEditorAssemblies (0ms)
				RefreshPlugins (69ms)
				BeforeProcessingInitializeOnLoad (40ms)
				ProcessInitializeOnLoadAttributes (170ms)
				ProcessInitializeOnLoadMethodAttributes (62ms)
				AfterProcessingInitializeOnLoad (0ms)
				EditorAssembliesLoaded (0ms)
			ExecutionOrderSort2 (0ms)
			AwakeInstancesAfterBackupRestoration (0ms)
Platform modules already initialized, skipping
Registering precompiled user dll's ...
Registered in 0.069215 seconds.
Begin MonoManager ReloadAssembly
Native extension for WindowsStandalone target not found
Refreshing native plugins compatible for Editor in 58.24 ms, found 3 plugins.
Preloading 0 native plugins for Editor in 0.00 ms.
Mono: successfully reloaded assembly
- Completed reload, in  2.425 seconds
Domain Reload Profiling:
	ReloadAssembly (2427ms)
		BeginReloadAssembly (277ms)
			ExecutionOrderSort (0ms)
			DisableScriptedObjects (6ms)
			BackupInstance (0ms)
			ReleaseScriptingObjects (0ms)
			CreateAndSetChildDomain (25ms)
		EndReloadAssembly (2069ms)
			LoadAssemblies (727ms)
			RebuildTransferFunctionScriptingTraits (0ms)
			SetupTypeCache (479ms)
			ReleaseScriptCaches (1ms)
			RebuildScriptCaches (67ms)
			SetupLoadedEditorAssemblies (689ms)
				LogAssemblyErrors (0ms)
				InitializePlatformSupportModulesInManaged (4ms)
				SetLoadedEditorAssemblies (0ms)
				RefreshPlugins (58ms)
				BeforeProcessingInitializeOnLoad (115ms)
				ProcessInitializeOnLoadAttributes (387ms)
				ProcessInitializeOnLoadMethodAttributes (111ms)
				AfterProcessingInitializeOnLoad (13ms)
				EditorAssembliesLoaded (0ms)
			ExecutionOrderSort2 (0ms)
			AwakeInstancesAfterBackupRestoration (9ms)
Platform modules already initialized, skipping
========================================================================
Worker process is ready to serve import requests
Launched and connected shader compiler UnityShaderCompiler.exe after 0.23 seconds
Refreshing native plugins compatible for Editor in 0.57 ms, found 3 plugins.
Preloading 0 native plugins for Editor in 0.00 ms.
Unloading 2200 Unused Serialized files (Serialized files now loaded: 0)
System memory in use before: 99.7 MB.
System memory in use after: 99.6 MB.

Unloading 31 unused Assets to reduce memory usage. Loaded Objects now: 2631.
Total: 4.387600 ms (FindLiveObjects: 0.203100 ms CreateObjectMapping: 0.107300 ms MarkObjects: 3.880600 ms  DeleteObjects: 0.195100 ms)

AssetImportParameters requested are different than current active one (requested -> active):
  custom:framework-win-MediaFoundation: 216162199b28c13a410421893ffa2e32 -> 
  custom:video-decoder-ogg-theora: a1e56fd34408186e4bbccfd4996cb3dc -> 
  custom:container-muxer-webm: aa71ff27fc2769a1b78a27578f13a17b -> 
  custom:container-demuxer-webm: 4f35f7cbe854078d1ac9338744f61a02 -> 
  custom:container-demuxer-ogg: 62fdf1f143b41e24485cea50d1cbac27 -> 
  custom:video-encoder-webm-vp8: eb34c28f22e8b96e1ab97ce403110664 -> 
  custom:video-decoder-webm-vp8: 9c59270c3fd7afecdb556c50c9e8de78 -> 
  custom:audio-decoder-ogg-vorbis: bf7c407c2cedff20999df2af8eb42d56 -> 
  custom:audio-encoder-webm-vorbis: bf7c407c2cedff20999df2af8eb42d56 -> 
========================================================================
Received Import Request.
  path: Assets/Plugin
  artifactKey: Guid(e370b23de1c07224c9847e15bcb68be8) Importer(815301076,1909f56bfc062723c751e8b465ee728b)
Start importing Assets/Plugin using Guid(e370b23de1c07224c9847e15bcb68be8) Importer(815301076,1909f56bfc062723c751e8b465ee728b)  -> (artifact id: 'a25ab246c6c8cbd871e1d2dc42a822d7') in 0.025836 seconds 
========================================================================
Received Import Request.
  Time since last request: 0.000949 seconds.
  path: Assets/Plugin/Twain_SD.png
  artifactKey: Guid(5e7fcd7df54064343ad3f178b08160a2) Importer(815301076,1909f56bfc062723c751e8b465ee728b)
Start importing Assets/Plugin/Twain_SD.png using Guid(5e7fcd7df54064343ad3f178b08160a2) Importer(815301076,1909f56bfc062723c751e8b465ee728b)  -> (artifact id: '9c333bbe246bfcf4248a0362dee7b62e') in 0.365548 seconds 
========================================================================
Received Import Request.
  Time since last request: 0.000443 seconds.
  path: Assets/Plugin/Twain_SD_2.png
  artifactKey: Guid(e3c6ae70995ab09419edfee2e2acb69c) Importer(815301076,1909f56bfc062723c751e8b465ee728b)
Start importing Assets/Plugin/Twain_SD_2.png using Guid(e3c6ae70995ab09419edfee2e2acb69c) Importer(815301076,1909f56bfc062723c751e8b465ee728b)  -> (artifact id: 'eaa547a0eda4ebe44efe13d7d384412b') in 0.022676 seconds 
========================================================================
Received Import Request.
  Time since last request: 31.444535 seconds.
  path: Assets/Plugin/Twain_SD.json
  artifactKey: Guid(4da1982d26cfb7f42b93cd4adf0ed4b4) Importer(815301076,1909f56bfc062723c751e8b465ee728b)
Start importing Assets/Plugin/Twain_SD.json using Guid(4da1982d26cfb7f42b93cd4adf0ed4b4) Importer(815301076,1909f56bfc062723c751e8b465ee728b)  -> (artifact id: '738cb421f94bd9e794e870845b57931e') in 0.264325 seconds 
========================================================================
Received Import Request.
  Time since last request: 1.003307 seconds.
  path: Assets/Plugin/Twain_SD.atlas.txt
  artifactKey: Guid(71d08c305666e7d4cb3d8bec54f2bf84) Importer(815301076,1909f56bfc062723c751e8b465ee728b)
Start importing Assets/Plugin/Twain_SD.atlas.txt using Guid(71d08c305666e7d4cb3d8bec54f2bf84) Importer(815301076,1909f56bfc062723c751e8b465ee728b)  -> (artifact id: 'd587f9447eb9f19fa79b4597de49e72f') in 0.032944 seconds 
========================================================================
Received Prepare
Registering precompiled user dll's ...
Registered in 0.156256 seconds.
Begin MonoManager ReloadAssembly
Native extension for WindowsStandalone target not found
Refreshing native plugins compatible for Editor in 0.61 ms, found 3 plugins.
Preloading 0 native plugins for Editor in 0.00 ms.
Mono: successfully reloaded assembly
- Completed reload, in  1.840 seconds
Domain Reload Profiling:
	ReloadAssembly (1841ms)
		BeginReloadAssembly (296ms)
			ExecutionOrderSort (0ms)
			DisableScriptedObjects (10ms)
			BackupInstance (0ms)
			ReleaseScriptingObjects (0ms)
			CreateAndSetChildDomain (51ms)
		EndReloadAssembly (1432ms)
			LoadAssemblies (332ms)
			RebuildTransferFunctionScriptingTraits (0ms)
			SetupTypeCache (483ms)
			ReleaseScriptCaches (1ms)
			RebuildScriptCaches (61ms)
			SetupLoadedEditorAssemblies (532ms)
				LogAssemblyErrors (0ms)
				InitializePlatformSupportModulesInManaged (6ms)
				SetLoadedEditorAssemblies (2ms)
				RefreshPlugins (1ms)
				BeforeProcessingInitializeOnLoad (148ms)
				ProcessInitializeOnLoadAttributes (349ms)
				ProcessInitializeOnLoadMethodAttributes (19ms)
				AfterProcessingInitializeOnLoad (8ms)
				EditorAssembliesLoaded (0ms)
			ExecutionOrderSort2 (0ms)
			AwakeInstancesAfterBackupRestoration (12ms)
Platform modules already initialized, skipping
Shader 'Spine/Outline/Blend Modes/Skeleton PMA Screen': fallback shader 'Spine/Blend Modes/Skeleton PMA Screen' not found
WARNING: Shader Unsupported: 'Spine/Outline/Blend Modes/Skeleton PMA Screen' - All subshaders removed
WARNING: Shader Did you use #pragma only_renderers and omit this platform?
WARNING: Shader If subshaders removal was intentional, you may have forgotten turning Fallback off?
WARNING: Shader Unsupported: 'Spine/Outline/Blend Modes/Skeleton PMA Screen' - All subshaders removed
WARNING: Shader Did you use #pragma only_renderers and omit this platform?
WARNING: Shader If subshaders removal was intentional, you may have forgotten turning Fallback off?
Shader 'Spine/Outline/Skeleton': fallback shader 'Spine/Skeleton' not found
WARNING: Shader Unsupported: 'Spine/Outline/Skeleton' - All subshaders removed
WARNING: Shader Did you use #pragma only_renderers and omit this platform?
WARNING: Shader If subshaders removal was intentional, you may have forgotten turning Fallback off?
WARNING: Shader Unsupported: 'Spine/Outline/Skeleton' - All subshaders removed
WARNING: Shader Did you use #pragma only_renderers and omit this platform?
WARNING: Shader If subshaders removal was intentional, you may have forgotten turning Fallback off?
Shader 'Spine/Outline/Skeleton Tint Black': fallback shader 'Spine/Special/Skeleton Grayscale' not found
WARNING: Shader Unsupported: 'Spine/Outline/Skeleton Tint Black' - All subshaders removed
WARNING: Shader Did you use #pragma only_renderers and omit this platform?
WARNING: Shader If subshaders removal was intentional, you may have forgotten turning Fallback off?
WARNING: Shader Unsupported: 'Spine/Outline/Skeleton Tint Black' - All subshaders removed
WARNING: Shader Did you use #pragma only_renderers and omit this platform?
WARNING: Shader If subshaders removal was intentional, you may have forgotten turning Fallback off?
Shader 'Spine/Outline/SkeletonGraphic': fallback shader 'Spine/SkeletonGraphic' not found
WARNING: Shader Unsupported: 'Spine/Outline/SkeletonGraphic' - All subshaders removed
WARNING: Shader Did you use #pragma only_renderers and omit this platform?
WARNING: Shader If subshaders removal was intentional, you may have forgotten turning Fallback off?
WARNING: Shader Unsupported: 'Spine/Outline/SkeletonGraphic' - All subshaders removed
WARNING: Shader Did you use #pragma only_renderers and omit this platform?
WARNING: Shader If subshaders removal was intentional, you may have forgotten turning Fallback off?
Shader 'Spine/Outline/Special/Skeleton Grayscale': fallback shader 'Spine/Special/Skeleton Grayscale' not found
WARNING: Shader Unsupported: 'Spine/Outline/Special/Skeleton Grayscale' - All subshaders removed
WARNING: Shader Did you use #pragma only_renderers and omit this platform?
WARNING: Shader If subshaders removal was intentional, you may have forgotten turning Fallback off?
WARNING: Shader Unsupported: 'Spine/Outline/Special/Skeleton Grayscale' - All subshaders removed
WARNING: Shader Did you use #pragma only_renderers and omit this platform?
WARNING: Shader If subshaders removal was intentional, you may have forgotten turning Fallback off?
Shader 'Spine/Outline/OutlineOnly-ZWrite': fallback shader 'Spine/Skeleton' not found
Shader 'Spine/Outline/Sprite/Vertex Lit': fallback shader 'Spine/Sprite/Vertex Lit' not found
WARNING: Shader Unsupported: 'Spine/Outline/Sprite/Vertex Lit' - All subshaders removed
WARNING: Shader Did you use #pragma only_renderers and omit this platform?
WARNING: Shader If subshaders removal was intentional, you may have forgotten turning Fallback off?
WARNING: Shader Unsupported: 'Spine/Outline/Sprite/Vertex Lit' - All subshaders removed
WARNING: Shader Did you use #pragma only_renderers and omit this platform?
WARNING: Shader If subshaders removal was intentional, you may have forgotten turning Fallback off?
Shader 'Spine/Outline/SkeletonGraphic Tint Black': fallback shader 'Spine/SkeletonGraphic Tint Black' not found
WARNING: Shader Unsupported: 'Spine/Outline/SkeletonGraphic Tint Black' - All subshaders removed
WARNING: Shader Did you use #pragma only_renderers and omit this platform?
WARNING: Shader If subshaders removal was intentional, you may have forgotten turning Fallback off?
WARNING: Shader Unsupported: 'Spine/Outline/SkeletonGraphic Tint Black' - All subshaders removed
WARNING: Shader Did you use #pragma only_renderers and omit this platform?
WARNING: Shader If subshaders removal was intentional, you may have forgotten turning Fallback off?
Shader 'Spine/Outline/Skeleton Lit ZWrite': fallback shader 'Spine/Skeleton Lit ZWrite' not found
WARNING: Shader Unsupported: 'Spine/Outline/Skeleton Lit ZWrite' - All subshaders removed
WARNING: Shader Did you use #pragma only_renderers and omit this platform?
WARNING: Shader If subshaders removal was intentional, you may have forgotten turning Fallback off?
WARNING: Shader Unsupported: 'Spine/Outline/Skeleton Lit ZWrite' - All subshaders removed
WARNING: Shader Did you use #pragma only_renderers and omit this platform?
WARNING: Shader If subshaders removal was intentional, you may have forgotten turning Fallback off?
Shader 'Spine/Outline/Skeleton Fill': fallback shader 'Spine/Skeleton Fill' not found
WARNING: Shader Unsupported: 'Spine/Outline/Skeleton Fill' - All subshaders removed
WARNING: Shader Did you use #pragma only_renderers and omit this platform?
WARNING: Shader If subshaders removal was intentional, you may have forgotten turning Fallback off?
WARNING: Shader Unsupported: 'Spine/Outline/Skeleton Fill' - All subshaders removed
WARNING: Shader Did you use #pragma only_renderers and omit this platform?
WARNING: Shader If subshaders removal was intentional, you may have forgotten turning Fallback off?
Shader 'Spine/Outline/Blend Modes/Skeleton PMA Additive': fallback shader 'Spine/Blend Modes/Skeleton PMA Additive' not found
WARNING: Shader Unsupported: 'Spine/Outline/Blend Modes/Skeleton PMA Additive' - All subshaders removed
WARNING: Shader Did you use #pragma only_renderers and omit this platform?
WARNING: Shader If subshaders removal was intentional, you may have forgotten turning Fallback off?
WARNING: Shader Unsupported: 'Spine/Outline/Blend Modes/Skeleton PMA Additive' - All subshaders removed
WARNING: Shader Did you use #pragma only_renderers and omit this platform?
WARNING: Shader If subshaders removal was intentional, you may have forgotten turning Fallback off?
Shader 'Spine/Outline/Skeleton Tint': fallback shader 'Spine/Skeleton Tint' not found
WARNING: Shader Unsupported: 'Spine/Outline/Skeleton Tint' - All subshaders removed
WARNING: Shader Did you use #pragma only_renderers and omit this platform?
WARNING: Shader If subshaders removal was intentional, you may have forgotten turning Fallback off?
WARNING: Shader Unsupported: 'Spine/Outline/Skeleton Tint' - All subshaders removed
WARNING: Shader Did you use #pragma only_renderers and omit this platform?
WARNING: Shader If subshaders removal was intentional, you may have forgotten turning Fallback off?
Refreshing native plugins compatible for Editor in 0.62 ms, found 3 plugins.
Preloading 0 native plugins for Editor in 0.00 ms.
Unloading 2383 Unused Serialized files (Serialized files now loaded: 0)
System memory in use before: 116.1 MB.
System memory in use after: 112.5 MB.

Unloading 60 unused Assets to reduce memory usage. Loaded Objects now: 2788.
Total: 7.649700 ms (FindLiveObjects: 0.312500 ms CreateObjectMapping: 0.263900 ms MarkObjects: 4.527600 ms  DeleteObjects: 2.544000 ms)

AssetImportParameters requested are different than current active one (requested -> active):
  custom:framework-win-MediaFoundation: 216162199b28c13a410421893ffa2e32 -> 
  custom:video-decoder-ogg-theora: a1e56fd34408186e4bbccfd4996cb3dc -> 
  custom:container-muxer-webm: aa71ff27fc2769a1b78a27578f13a17b -> 
  custom:container-demuxer-webm: 4f35f7cbe854078d1ac9338744f61a02 -> 
  custom:container-demuxer-ogg: 62fdf1f143b41e24485cea50d1cbac27 -> 
  custom:video-encoder-webm-vp8: eb34c28f22e8b96e1ab97ce403110664 -> 
  custom:video-decoder-webm-vp8: 9c59270c3fd7afecdb556c50c9e8de78 -> 
  custom:audio-decoder-ogg-vorbis: bf7c407c2cedff20999df2af8eb42d56 -> 
  custom:audio-encoder-webm-vorbis: bf7c407c2cedff20999df2af8eb42d56 -> 
========================================================================
Received Import Request.
  Time since last request: 839.824467 seconds.
  path: Assets/Plugin/Twain_SD.png
  artifactKey: Guid(5e7fcd7df54064343ad3f178b08160a2) Importer(815301076,1909f56bfc062723c751e8b465ee728b)
Start importing Assets/Plugin/Twain_SD.png using Guid(5e7fcd7df54064343ad3f178b08160a2) Importer(815301076,1909f56bfc062723c751e8b465ee728b)  -> (artifact id: 'a671c99ff550808790c4b4e755472497') in 0.174934 seconds 
========================================================================
Received Import Request.
  Time since last request: 0.000131 seconds.
  path: Assets/Plugin/Twain_SD_2.png
  artifactKey: Guid(e3c6ae70995ab09419edfee2e2acb69c) Importer(815301076,1909f56bfc062723c751e8b465ee728b)
Start importing Assets/Plugin/Twain_SD_2.png using Guid(e3c6ae70995ab09419edfee2e2acb69c) Importer(815301076,1909f56bfc062723c751e8b465ee728b)  -> (artifact id: '7c9d1416bfb8aabecfd8c6d025ff0fd5') in 0.048327 seconds 
========================================================================
Received Import Request.
  Time since last request: 61.451475 seconds.
  path: Assets/Plugin/Twain_SD_Atlas.asset
  artifactKey: Guid(8ca7360b1b67e7543aaf926024a192be) Importer(815301076,1909f56bfc062723c751e8b465ee728b)
Start importing Assets/Plugin/Twain_SD_Atlas.asset using Guid(8ca7360b1b67e7543aaf926024a192be) Importer(815301076,1909f56bfc062723c751e8b465ee728b)  -> (artifact id: '5fe9350083dd591d14631f1371afbd19') in 0.079371 seconds 
========================================================================
Received Import Request.
  Time since last request: 0.000357 seconds.
  path: Assets/Plugin/Twain_SD_Twain_SD_2.mat
  artifactKey: Guid(c3c29fe51debe134da9e17596b1d9e11) Importer(815301076,1909f56bfc062723c751e8b465ee728b)
Start importing Assets/Plugin/Twain_SD_Twain_SD_2.mat using Guid(c3c29fe51debe134da9e17596b1d9e11) Importer(815301076,1909f56bfc062723c751e8b465ee728b)  -> (artifact id: 'f5b7d26fda6b8a42345d45804904949c') in 0.341912 seconds 
========================================================================
Received Import Request.
  Time since last request: 0.000491 seconds.
  path: Assets/Plugin/Twain_SD_SkeletonData.asset
  artifactKey: Guid(74a8f3d5eee87c646ada8805c0e3d626) Importer(815301076,1909f56bfc062723c751e8b465ee728b)
Start importing Assets/Plugin/Twain_SD_SkeletonData.asset using Guid(74a8f3d5eee87c646ada8805c0e3d626) Importer(815301076,1909f56bfc062723c751e8b465ee728b)  -> (artifact id: 'eeacfaa4981726fe41a7c17e375eb204') in 0.366540 seconds 
========================================================================
Received Import Request.
  Time since last request: 0.000344 seconds.
  path: Assets/Plugin/Twain_SD_Twain_SD.mat
  artifactKey: Guid(53a6c9eed683ce346b5f4f361ccd03a9) Importer(815301076,1909f56bfc062723c751e8b465ee728b)
Start importing Assets/Plugin/Twain_SD_Twain_SD.mat using Guid(53a6c9eed683ce346b5f4f361ccd03a9) Importer(815301076,1909f56bfc062723c751e8b465ee728b)  -> (artifact id: '62082487ba34db2fd07d36269c88d4cb') in 0.058237 seconds 
========================================================================
Received Prepare
Registering precompiled user dll's ...
Registered in 0.025045 seconds.
Begin MonoManager ReloadAssembly
Native extension for WindowsStandalone target not found
Refreshing native plugins compatible for Editor in 0.67 ms, found 3 plugins.
Preloading 0 native plugins for Editor in 0.00 ms.
Mono: successfully reloaded assembly
- Completed reload, in  2.090 seconds
Domain Reload Profiling:
	ReloadAssembly (2091ms)
		BeginReloadAssembly (391ms)
			ExecutionOrderSort (0ms)
			DisableScriptedObjects (8ms)
			BackupInstance (0ms)
			ReleaseScriptingObjects (0ms)
			CreateAndSetChildDomain (56ms)
		EndReloadAssembly (1495ms)
			LoadAssemblies (477ms)
			RebuildTransferFunctionScriptingTraits (0ms)
			SetupTypeCache (538ms)
			ReleaseScriptCaches (1ms)
			RebuildScriptCaches (68ms)
			SetupLoadedEditorAssemblies (495ms)
				LogAssemblyErrors (0ms)
				InitializePlatformSupportModulesInManaged (6ms)
				SetLoadedEditorAssemblies (1ms)
				RefreshPlugins (1ms)
				BeforeProcessingInitializeOnLoad (138ms)
				ProcessInitializeOnLoadAttributes (322ms)
				ProcessInitializeOnLoadMethodAttributes (19ms)
				AfterProcessingInitializeOnLoad (9ms)
				EditorAssembliesLoaded (0ms)
			ExecutionOrderSort2 (0ms)
			AwakeInstancesAfterBackupRestoration (13ms)
Platform modules already initialized, skipping
Refreshing native plugins compatible for Editor in 0.65 ms, found 3 plugins.
Preloading 0 native plugins for Editor in 0.00 ms.
Unloading 2382 Unused Serialized files (Serialized files now loaded: 0)
System memory in use before: 116.4 MB.
System memory in use after: 112.8 MB.

Unloading 59 unused Assets to reduce memory usage. Loaded Objects now: 2830.
Total: 8.715100 ms (FindLiveObjects: 0.823900 ms CreateObjectMapping: 0.263000 ms MarkObjects: 4.961000 ms  DeleteObjects: 2.665300 ms)

AssetImportParameters requested are different than current active one (requested -> active):
  custom:framework-win-MediaFoundation: 216162199b28c13a410421893ffa2e32 -> 
  custom:video-decoder-ogg-theora: a1e56fd34408186e4bbccfd4996cb3dc -> 
  custom:container-muxer-webm: aa71ff27fc2769a1b78a27578f13a17b -> 
  custom:container-demuxer-webm: 4f35f7cbe854078d1ac9338744f61a02 -> 
  custom:container-demuxer-ogg: 62fdf1f143b41e24485cea50d1cbac27 -> 
  custom:video-encoder-webm-vp8: eb34c28f22e8b96e1ab97ce403110664 -> 
  custom:video-decoder-webm-vp8: 9c59270c3fd7afecdb556c50c9e8de78 -> 
  custom:audio-decoder-ogg-vorbis: bf7c407c2cedff20999df2af8eb42d56 -> 
  custom:audio-encoder-webm-vorbis: bf7c407c2cedff20999df2af8eb42d56 -> 
========================================================================
Received Import Request.
  Time since last request: 448.066099 seconds.
  path: Assets/Spine/Editor/spine-unity/Editor/ImporterPresets/StraightAlphaPresetTemplate.png
  artifactKey: Guid(ade885c25e49d7740b5c00d4e10a6197) Importer(815301076,1909f56bfc062723c751e8b465ee728b)
Start importing Assets/Spine/Editor/spine-unity/Editor/ImporterPresets/StraightAlphaPresetTemplate.png using Guid(ade885c25e49d7740b5c00d4e10a6197) Importer(815301076,1909f56bfc062723c751e8b465ee728b)  -> (artifact id: 'f937d873e32b3f994ca6ab5674186f58') in 0.152608 seconds 
========================================================================
Received Import Request.
  Time since last request: 4.995493 seconds.
  path: Assets/Spine/Editor/spine-unity/Editor/GUI/SkeletonDataAsset Icon.png
  artifactKey: Guid(68defdbc95b30a74a9ad396bfc9a2277) Importer(815301076,1909f56bfc062723c751e8b465ee728b)
Start importing Assets/Spine/Editor/spine-unity/Editor/GUI/SkeletonDataAsset Icon.png using Guid(68defdbc95b30a74a9ad396bfc9a2277) Importer(815301076,1909f56bfc062723c751e8b465ee728b)  -> (artifact id: 'f64a6f8d2c3f616784a266be7f27ff55') in 0.271112 seconds 
========================================================================
Received Import Request.
  Time since last request: 0.000137 seconds.
  path: Assets/Spine/Editor/spine-unity/Editor/GUI/icon-weights.png
  artifactKey: Guid(0b1bcb09fa228d049ba3c9ea6a57e1ee) Importer(815301076,1909f56bfc062723c751e8b465ee728b)
Start importing Assets/Spine/Editor/spine-unity/Editor/GUI/icon-weights.png using Guid(0b1bcb09fa228d049ba3c9ea6a57e1ee) Importer(815301076,1909f56bfc062723c751e8b465ee728b)  -> (artifact id: 'b799aed54e50946eac8723b20faf67f6') in 0.039485 seconds 
========================================================================
Received Import Request.
  Time since last request: 0.001905 seconds.
  path: Assets/Spine/Editor/spine-unity/Editor/ImporterPresets/PMAPresetTemplate.png
  artifactKey: Guid(77f055f38c1115f42a2df16b0428c4e6) Importer(815301076,1909f56bfc062723c751e8b465ee728b)
Start importing Assets/Spine/Editor/spine-unity/Editor/ImporterPresets/PMAPresetTemplate.png using Guid(77f055f38c1115f42a2df16b0428c4e6) Importer(815301076,1909f56bfc062723c751e8b465ee728b)  -> (artifact id: '450136294538f4d521466be900137fe3') in 0.084102 seconds 
========================================================================
Received Import Request.
  Time since last request: 0.310838 seconds.
  path: Assets/Spine/Editor/spine-unity/Editor/GUI/icon-warning.png
  artifactKey: Guid(754d724c1bd750048852e8cf3d4a05ee) Importer(815301076,1909f56bfc062723c751e8b465ee728b)
Start importing Assets/Spine/Editor/spine-unity/Editor/GUI/icon-warning.png using Guid(754d724c1bd750048852e8cf3d4a05ee) Importer(815301076,1909f56bfc062723c751e8b465ee728b)  -> (artifact id: 'c952ef1396185f1e94b081f714c49594') in 0.054100 seconds 
========================================================================
Received Import Request.
  Time since last request: 0.000552 seconds.
  path: Assets/Spine/Editor/spine-unity/Editor/GUI/icon-subMeshRenderer.png
  artifactKey: Guid(f31c0c0d608e8ba4f9a1afb032092287) Importer(815301076,1909f56bfc062723c751e8b465ee728b)
Start importing Assets/Spine/Editor/spine-unity/Editor/GUI/icon-subMeshRenderer.png using Guid(f31c0c0d608e8ba4f9a1afb032092287) Importer(815301076,1909f56bfc062723c751e8b465ee728b)  -> (artifact id: '3e630445ae3ad0723c87931cf55caa6b') in 0.303671 seconds 
========================================================================
Received Import Request.
  Time since last request: 0.000574 seconds.
  path: Assets/Spine/Editor/spine-unity/Editor/GUI/icon-slotRoot.png
  artifactKey: Guid(4a1646cf39026224c85ecba92d7d6948) Importer(815301076,1909f56bfc062723c751e8b465ee728b)
Start importing Assets/Spine/Editor/spine-unity/Editor/GUI/icon-slotRoot.png using Guid(4a1646cf39026224c85ecba92d7d6948) Importer(815301076,1909f56bfc062723c751e8b465ee728b)  -> (artifact id: '9242c8056d29dceda20c537bd2e89e3c') in 0.364458 seconds 
========================================================================
Received Import Request.
  Time since last request: 0.000405 seconds.
  path: Assets/Spine/Editor/spine-unity/Editor/GUI/icon-skinsRoot.png
  artifactKey: Guid(8bd14c7643597a74ba2edc10a5e4c4ed) Importer(815301076,1909f56bfc062723c751e8b465ee728b)
Start importing Assets/Spine/Editor/spine-unity/Editor/GUI/icon-skinsRoot.png using Guid(8bd14c7643597a74ba2edc10a5e4c4ed) Importer(815301076,1909f56bfc062723c751e8b465ee728b)  -> (artifact id: '9cb3d5082cc29b089710c8cab34f50c7') in 0.045045 seconds 
========================================================================
Received Import Request.
  Time since last request: 0.000481 seconds.
  path: Assets/Spine/Editor/spine-unity/Editor/GUI/icon-skin.png
  artifactKey: Guid(bfd9f3d2607e9e44c97384d7575a17dc) Importer(815301076,1909f56bfc062723c751e8b465ee728b)
Start importing Assets/Spine/Editor/spine-unity/Editor/GUI/icon-skin.png using Guid(bfd9f3d2607e9e44c97384d7575a17dc) Importer(815301076,1909f56bfc062723c751e8b465ee728b)  -> (artifact id: '7959b9d507677927b7bd709facff051b') in 0.047884 seconds 
========================================================================
Received Import Request.
  Time since last request: 0.000348 seconds.
  path: Assets/Spine/Editor/spine-unity/Editor/GUI/icon-skinPlaceholder.png
  artifactKey: Guid(04c82a4acf7b5244e947f2709ec3a6cf) Importer(815301076,1909f56bfc062723c751e8b465ee728b)
Start importing Assets/Spine/Editor/spine-unity/Editor/GUI/icon-skinPlaceholder.png using Guid(04c82a4acf7b5244e947f2709ec3a6cf) Importer(815301076,1909f56bfc062723c751e8b465ee728b)  -> (artifact id: '5c1832757476171352f5a5d414a44975') in 0.042415 seconds 
========================================================================
Received Import Request.
  Time since last request: 0.000921 seconds.
  path: Assets/Spine/Editor/spine-unity/Editor/GUI/icon-slot.png
  artifactKey: Guid(0338faf3e7d93e2478fcbc022d13e081) Importer(815301076,1909f56bfc062723c751e8b465ee728b)
Start importing Assets/Spine/Editor/spine-unity/Editor/GUI/icon-slot.png using Guid(0338faf3e7d93e2478fcbc022d13e081) Importer(815301076,1909f56bfc062723c751e8b465ee728b)  -> (artifact id: '7c47f0f2bda88009510b16718d0146ff') in 0.072040 seconds 
========================================================================
Received Import Request.
  Time since last request: 0.002821 seconds.
  path: Assets/Spine/Editor/spine-unity/Editor/GUI/icon-spine.png
  artifactKey: Guid(4e7c964fa5e07024c8bf1debecc3b7c8) Importer(815301076,1909f56bfc062723c751e8b465ee728b)
Start importing Assets/Spine/Editor/spine-unity/Editor/GUI/icon-spine.png using Guid(4e7c964fa5e07024c8bf1debecc3b7c8) Importer(815301076,1909f56bfc062723c751e8b465ee728b)  -> (artifact id: 'e0335ded5987de01dc064602f364b8b7') in 0.021069 seconds 
========================================================================
Received Import Request.
  Time since last request: 0.180878 seconds.
  path: Assets/Spine/Editor/spine-unity/Editor/GUI/icon-skeletonUtility.png
  artifactKey: Guid(5bb0631368b462047869d8788673cb48) Importer(815301076,1909f56bfc062723c751e8b465ee728b)
Start importing Assets/Spine/Editor/spine-unity/Editor/GUI/icon-skeletonUtility.png using Guid(5bb0631368b462047869d8788673cb48) Importer(815301076,1909f56bfc062723c751e8b465ee728b)  -> (artifact id: '10b538fa6c515cc9ef059ccd785d5554') in 0.020780 seconds 
========================================================================
Received Import Request.
  Time since last request: 0.205945 seconds.
  path: Assets/Spine/Editor/spine-unity/Editor/GUI/icon-skeleton.png
  artifactKey: Guid(f2216037084d99d4481810cb521ed96f) Importer(815301076,1909f56bfc062723c751e8b465ee728b)
Start importing Assets/Spine/Editor/spine-unity/Editor/GUI/icon-skeleton.png using Guid(f2216037084d99d4481810cb521ed96f) Importer(815301076,1909f56bfc062723c751e8b465ee728b)  -> (artifact id: 'aeaacede7544d43a67d38bd75b6e85f9') in 0.047609 seconds 
========================================================================
Received Import Request.
  Time since last request: 0.000149 seconds.
  path: Assets/Spine/Editor/spine-unity/Editor/GUI/icon-poseBones.png
  artifactKey: Guid(da6f6d414e43aac46a57cc5a87208db4) Importer(815301076,1909f56bfc062723c751e8b465ee728b)
Start importing Assets/Spine/Editor/spine-unity/Editor/GUI/icon-poseBones.png using Guid(da6f6d414e43aac46a57cc5a87208db4) Importer(815301076,1909f56bfc062723c751e8b465ee728b)  -> (artifact id: '83ee49a855b0ae867361909185b29abd') in 0.275844 seconds 
========================================================================
Received Import Request.
  Time since last request: 0.000621 seconds.
  path: Assets/Spine/Editor/spine-unity/Editor/GUI/icon-point.png
  artifactKey: Guid(d7a76922e4dd9fa429da15c018ff127f) Importer(815301076,1909f56bfc062723c751e8b465ee728b)
Start importing Assets/Spine/Editor/spine-unity/Editor/GUI/icon-point.png using Guid(d7a76922e4dd9fa429da15c018ff127f) Importer(815301076,1909f56bfc062723c751e8b465ee728b)  -> (artifact id: '1d0d7a61463ef4d57f812b2effb12d98') in 0.100009 seconds 
========================================================================
Received Import Request.
  Time since last request: 0.000389 seconds.
  path: Assets/Spine/Editor/spine-unity/Editor/GUI/icon-null.png
  artifactKey: Guid(d1de1604dfe4cb64c9d31246a8e43c78) Importer(815301076,1909f56bfc062723c751e8b465ee728b)
Start importing Assets/Spine/Editor/spine-unity/Editor/GUI/icon-null.png using Guid(d1de1604dfe4cb64c9d31246a8e43c78) Importer(815301076,1909f56bfc062723c751e8b465ee728b)  -> (artifact id: '91907b3c25b710a4d7ec936b45b92a2c') in 0.036084 seconds 
========================================================================
Received Import Request.
  Time since last request: 0.000534 seconds.
  path: Assets/Spine/Editor/spine-unity/Editor/GUI/icon-mesh.png
  artifactKey: Guid(a309a2e14638a204091b915126910f45) Importer(815301076,1909f56bfc062723c751e8b465ee728b)
Start importing Assets/Spine/Editor/spine-unity/Editor/GUI/icon-mesh.png using Guid(a309a2e14638a204091b915126910f45) Importer(815301076,1909f56bfc062723c751e8b465ee728b)  -> (artifact id: 'f975123cb9b1c72cb266bd8a554de900') in 0.039142 seconds 
========================================================================
Received Import Request.
  Time since last request: 0.000384 seconds.
  path: Assets/Spine/Editor/spine-unity/Editor/GUI/icon-image.png
  artifactKey: Guid(2b3a6f35bbaa8414eb51a344743ee641) Importer(815301076,1909f56bfc062723c751e8b465ee728b)
Start importing Assets/Spine/Editor/spine-unity/Editor/GUI/icon-image.png using Guid(2b3a6f35bbaa8414eb51a344743ee641) Importer(815301076,1909f56bfc062723c751e8b465ee728b)  -> (artifact id: '9bb628790ec1c34d5191d9c99f5a478e') in 0.047053 seconds 
========================================================================
Received Import Request.
  Time since last request: 0.001608 seconds.
  path: Assets/Spine/Editor/spine-unity/Editor/GUI/icon-hingeChain.png
  artifactKey: Guid(2c2c6d283dcf3654baf40001c982891c) Importer(815301076,1909f56bfc062723c751e8b465ee728b)
Start importing Assets/Spine/Editor/spine-unity/Editor/GUI/icon-hingeChain.png using Guid(2c2c6d283dcf3654baf40001c982891c) Importer(815301076,1909f56bfc062723c751e8b465ee728b)  -> (artifact id: '4b54cb999d05a4f24bd438306dbe9cf9') in 0.227675 seconds 
========================================================================
Received Import Request.
  Time since last request: 0.135567 seconds.
  path: Assets/Spine/Editor/spine-unity/Editor/GUI/icon-constraintTransform.png
  artifactKey: Guid(4709175437c21f64bab9b061f98a49fc) Importer(815301076,1909f56bfc062723c751e8b465ee728b)
Start importing Assets/Spine/Editor/spine-unity/Editor/GUI/icon-constraintTransform.png using Guid(4709175437c21f64bab9b061f98a49fc) Importer(815301076,1909f56bfc062723c751e8b465ee728b)  -> (artifact id: 'ee1da07f9fdaa8552b71d6632617d6cf') in 0.047338 seconds 
========================================================================
Received Import Request.
  Time since last request: 0.000409 seconds.
  path: Assets/Spine/Editor/spine-unity/Editor/GUI/icon-constraintIK.png
  artifactKey: Guid(02822eb69e09dd947b434ab81e3d938f) Importer(815301076,1909f56bfc062723c751e8b465ee728b)
Start importing Assets/Spine/Editor/spine-unity/Editor/GUI/icon-constraintIK.png using Guid(02822eb69e09dd947b434ab81e3d938f) Importer(815301076,1909f56bfc062723c751e8b465ee728b)  -> (artifact id: 'ca8b3287e6fca88e261117506d8b196a') in 0.074586 seconds 
========================================================================
Received Import Request.
  Time since last request: 0.392338 seconds.
  path: Assets/Spine/Editor/spine-unity/Editor/GUI/icon-clipping.png
  artifactKey: Guid(f5fff1b5caee03642ab77c9984b4bb6a) Importer(815301076,1909f56bfc062723c751e8b465ee728b)
Start importing Assets/Spine/Editor/spine-unity/Editor/GUI/icon-clipping.png using Guid(f5fff1b5caee03642ab77c9984b4bb6a) Importer(815301076,1909f56bfc062723c751e8b465ee728b)  -> (artifact id: 'e0cea7d6b9d070a46630771406c2c464') in 0.019081 seconds 
========================================================================
Received Import Request.
  Time since last request: 0.000796 seconds.
  path: Assets/Spine/Editor/spine-unity/Editor/GUI/icon-constraints.png
  artifactKey: Guid(ed0736a1eb519ef42b4892d1db2426b3) Importer(815301076,1909f56bfc062723c751e8b465ee728b)
Start importing Assets/Spine/Editor/spine-unity/Editor/GUI/icon-constraints.png using Guid(ed0736a1eb519ef42b4892d1db2426b3) Importer(815301076,1909f56bfc062723c751e8b465ee728b)  -> (artifact id: '950860a31b96aefea9ef0c4dccf8687d') in 0.056571 seconds 
========================================================================
Received Import Request.
  Time since last request: 0.000350 seconds.
  path: Assets/Spine/Editor/spine-unity/Editor/GUI/icon-boundingBox.png
  artifactKey: Guid(955aed20030d0504b8a9c6934a5cb47a) Importer(815301076,1909f56bfc062723c751e8b465ee728b)
Start importing Assets/Spine/Editor/spine-unity/Editor/GUI/icon-boundingBox.png using Guid(955aed20030d0504b8a9c6934a5cb47a) Importer(815301076,1909f56bfc062723c751e8b465ee728b)  -> (artifact id: '2e1a6a1d7bbe5213291952a0ef2cdeb7') in 0.066069 seconds 
========================================================================
Received Import Request.
  Time since last request: 0.000419 seconds.
  path: Assets/Spine/Editor/spine-unity/Editor/GUI/icon-event.png
  artifactKey: Guid(d226a80acc775714aa78b85e16a00e9b) Importer(815301076,1909f56bfc062723c751e8b465ee728b)
Start importing Assets/Spine/Editor/spine-unity/Editor/GUI/icon-event.png using Guid(d226a80acc775714aa78b85e16a00e9b) Importer(815301076,1909f56bfc062723c751e8b465ee728b)  -> (artifact id: '6cfc977e3592009941470ca91498f227') in 0.054351 seconds 
========================================================================
Received Import Request.
  Time since last request: 0.000362 seconds.
  path: Assets/Spine/Editor/spine-unity/Editor/GUI/icon-path.png
  artifactKey: Guid(dbc817a6c9e9c5747b7f6261bf5d1d09) Importer(815301076,1909f56bfc062723c751e8b465ee728b)
Start importing Assets/Spine/Editor/spine-unity/Editor/GUI/icon-path.png using Guid(dbc817a6c9e9c5747b7f6261bf5d1d09) Importer(815301076,1909f56bfc062723c751e8b465ee728b)  -> (artifact id: '242c6da3ca666f85278a7ae7e5d5e696') in 0.041938 seconds 
========================================================================
Received Import Request.
  Time since last request: 0.000383 seconds.
  path: Assets/Spine/Editor/spine-unity/Editor/GUI/icon-constraintPath.png
  artifactKey: Guid(c1aae98dd56b14c4b8c25360000b7e9e) Importer(815301076,1909f56bfc062723c751e8b465ee728b)
Start importing Assets/Spine/Editor/spine-unity/Editor/GUI/icon-constraintPath.png using Guid(c1aae98dd56b14c4b8c25360000b7e9e) Importer(815301076,1909f56bfc062723c751e8b465ee728b)  -> (artifact id: '8ef2a9ac905f463e5b7a39ad3cd816f4') in 0.019172 seconds 
========================================================================
Received Import Request.
  Time since last request: 0.000158 seconds.
  path: Assets/Spine/Editor/spine-unity/Editor/GUI/icon-constraintNib.png
  artifactKey: Guid(de1a4f5ad4bdf1a4ea072c4d59ba87d8) Importer(815301076,1909f56bfc062723c751e8b465ee728b)
Start importing Assets/Spine/Editor/spine-unity/Editor/GUI/icon-constraintNib.png using Guid(de1a4f5ad4bdf1a4ea072c4d59ba87d8) Importer(815301076,1909f56bfc062723c751e8b465ee728b)  -> (artifact id: 'ff3178a9baa1ff33e87f9cd8760da421') in 0.092986 seconds 
========================================================================
Received Prepare
Registering precompiled user dll's ...
Registered in 0.039847 seconds.
Begin MonoManager ReloadAssembly
Native extension for WindowsStandalone target not found
Refreshing native plugins compatible for Editor in 0.65 ms, found 3 plugins.
Preloading 0 native plugins for Editor in 0.00 ms.
Mono: successfully reloaded assembly
- Completed reload, in  1.916 seconds
Domain Reload Profiling:
	ReloadAssembly (1916ms)
		BeginReloadAssembly (270ms)
			ExecutionOrderSort (0ms)
			DisableScriptedObjects (9ms)
			BackupInstance (0ms)
			ReleaseScriptingObjects (0ms)
			CreateAndSetChildDomain (60ms)
		EndReloadAssembly (1540ms)
			LoadAssemblies (304ms)
			RebuildTransferFunctionScriptingTraits (0ms)
			SetupTypeCache (560ms)
			ReleaseScriptCaches (1ms)
			RebuildScriptCaches (71ms)
			SetupLoadedEditorAssemblies (540ms)
				LogAssemblyErrors (0ms)
				InitializePlatformSupportModulesInManaged (6ms)
				SetLoadedEditorAssemblies (1ms)
				RefreshPlugins (1ms)
				BeforeProcessingInitializeOnLoad (144ms)
				ProcessInitializeOnLoadAttributes (360ms)
				ProcessInitializeOnLoadMethodAttributes (19ms)
				AfterProcessingInitializeOnLoad (8ms)
				EditorAssembliesLoaded (0ms)
			ExecutionOrderSort2 (0ms)
			AwakeInstancesAfterBackupRestoration (14ms)
Platform modules already initialized, skipping
Refreshing native plugins compatible for Editor in 0.65 ms, found 3 plugins.
Preloading 0 native plugins for Editor in 0.00 ms.
Unloading 2381 Unused Serialized files (Serialized files now loaded: 0)
System memory in use before: 116.3 MB.
System memory in use after: 112.8 MB.

Unloading 59 unused Assets to reduce memory usage. Loaded Objects now: 2841.
Total: 9.672800 ms (FindLiveObjects: 0.268400 ms CreateObjectMapping: 0.131200 ms MarkObjects: 5.945600 ms  DeleteObjects: 3.325800 ms)

AssetImportParameters requested are different than current active one (requested -> active):
  custom:framework-win-MediaFoundation: 216162199b28c13a410421893ffa2e32 -> 
  custom:video-decoder-ogg-theora: a1e56fd34408186e4bbccfd4996cb3dc -> 
  custom:container-muxer-webm: aa71ff27fc2769a1b78a27578f13a17b -> 
  custom:container-demuxer-webm: 4f35f7cbe854078d1ac9338744f61a02 -> 
  custom:container-demuxer-ogg: 62fdf1f143b41e24485cea50d1cbac27 -> 
  custom:video-encoder-webm-vp8: eb34c28f22e8b96e1ab97ce403110664 -> 
  custom:video-decoder-webm-vp8: 9c59270c3fd7afecdb556c50c9e8de78 -> 
  custom:audio-decoder-ogg-vorbis: bf7c407c2cedff20999df2af8eb42d56 -> 
  custom:audio-encoder-webm-vorbis: bf7c407c2cedff20999df2af8eb42d56 -> 
========================================================================
Received Prepare
Registering precompiled user dll's ...
Registered in 0.012102 seconds.
Begin MonoManager ReloadAssembly
Native extension for WindowsStandalone target not found
Refreshing native plugins compatible for Editor in 0.63 ms, found 3 plugins.
Preloading 0 native plugins for Editor in 0.00 ms.
Mono: successfully reloaded assembly
- Completed reload, in  3.588 seconds
Domain Reload Profiling:
	ReloadAssembly (3588ms)
		BeginReloadAssembly (383ms)
			ExecutionOrderSort (0ms)
			DisableScriptedObjects (9ms)
			BackupInstance (0ms)
			ReleaseScriptingObjects (0ms)
			CreateAndSetChildDomain (74ms)
		EndReloadAssembly (3096ms)
			LoadAssemblies (382ms)
			RebuildTransferFunctionScriptingTraits (0ms)
			SetupTypeCache (1612ms)
			ReleaseScriptCaches (1ms)
			RebuildScriptCaches (66ms)
			SetupLoadedEditorAssemblies (659ms)
				LogAssemblyErrors (0ms)
				InitializePlatformSupportModulesInManaged (7ms)
				SetLoadedEditorAssemblies (1ms)
				RefreshPlugins (1ms)
				BeforeProcessingInitializeOnLoad (204ms)
				ProcessInitializeOnLoadAttributes (410ms)
				ProcessInitializeOnLoadMethodAttributes (26ms)
				AfterProcessingInitializeOnLoad (10ms)
				EditorAssembliesLoaded (0ms)
			ExecutionOrderSort2 (0ms)
			AwakeInstancesAfterBackupRestoration (16ms)
Platform modules already initialized, skipping
Refreshing native plugins compatible for Editor in 6.26 ms, found 3 plugins.
Preloading 0 native plugins for Editor in 0.00 ms.
Unloading 2381 Unused Serialized files (Serialized files now loaded: 0)
System memory in use before: 116.3 MB.
System memory in use after: 112.8 MB.

Unloading 59 unused Assets to reduce memory usage. Loaded Objects now: 2844.
Total: 11.512900 ms (FindLiveObjects: 0.249800 ms CreateObjectMapping: 0.137900 ms MarkObjects: 6.518800 ms  DeleteObjects: 4.604800 ms)

AssetImportParameters requested are different than current active one (requested -> active):
  custom:framework-win-MediaFoundation: 216162199b28c13a410421893ffa2e32 -> 
  custom:video-decoder-ogg-theora: a1e56fd34408186e4bbccfd4996cb3dc -> 
  custom:container-muxer-webm: aa71ff27fc2769a1b78a27578f13a17b -> 
  custom:container-demuxer-webm: 4f35f7cbe854078d1ac9338744f61a02 -> 
  custom:container-demuxer-ogg: 62fdf1f143b41e24485cea50d1cbac27 -> 
  custom:video-encoder-webm-vp8: eb34c28f22e8b96e1ab97ce403110664 -> 
  custom:video-decoder-webm-vp8: 9c59270c3fd7afecdb556c50c9e8de78 -> 
  custom:audio-decoder-ogg-vorbis: bf7c407c2cedff20999df2af8eb42d56 -> 
  custom:audio-encoder-webm-vorbis: bf7c407c2cedff20999df2af8eb42d56 -> 
========================================================================
Received Prepare
Registering precompiled user dll's ...
Registered in 0.011789 seconds.
Begin MonoManager ReloadAssembly
Native extension for WindowsStandalone target not found
Refreshing native plugins compatible for Editor in 0.71 ms, found 3 plugins.
Preloading 0 native plugins for Editor in 0.00 ms.
Mono: successfully reloaded assembly
- Completed reload, in  2.504 seconds
Domain Reload Profiling:
	ReloadAssembly (2505ms)
		BeginReloadAssembly (454ms)
			ExecutionOrderSort (0ms)
			DisableScriptedObjects (9ms)
			BackupInstance (0ms)
			ReleaseScriptingObjects (0ms)
			CreateAndSetChildDomain (49ms)
		EndReloadAssembly (1948ms)
			LoadAssemblies (306ms)
			RebuildTransferFunctionScriptingTraits (0ms)
			SetupTypeCache (917ms)
			ReleaseScriptCaches (2ms)
			RebuildScriptCaches (67ms)
			SetupLoadedEditorAssemblies (603ms)
				LogAssemblyErrors (0ms)
				InitializePlatformSupportModulesInManaged (7ms)
				SetLoadedEditorAssemblies (1ms)
				RefreshPlugins (1ms)
				BeforeProcessingInitializeOnLoad (145ms)
				ProcessInitializeOnLoadAttributes (410ms)
				ProcessInitializeOnLoadMethodAttributes (29ms)
				AfterProcessingInitializeOnLoad (10ms)
				EditorAssembliesLoaded (0ms)
			ExecutionOrderSort2 (0ms)
			AwakeInstancesAfterBackupRestoration (17ms)
Platform modules already initialized, skipping
Refreshing native plugins compatible for Editor in 0.73 ms, found 3 plugins.
Preloading 0 native plugins for Editor in 0.00 ms.
Unloading 2381 Unused Serialized files (Serialized files now loaded: 0)
System memory in use before: 116.2 MB.
System memory in use after: 112.7 MB.

Unloading 59 unused Assets to reduce memory usage. Loaded Objects now: 2847.
Total: 9.394700 ms (FindLiveObjects: 0.249100 ms CreateObjectMapping: 0.144400 ms MarkObjects: 4.584500 ms  DeleteObjects: 4.414900 ms)

AssetImportParameters requested are different than current active one (requested -> active):
  custom:framework-win-MediaFoundation: 216162199b28c13a410421893ffa2e32 -> 
  custom:video-decoder-ogg-theora: a1e56fd34408186e4bbccfd4996cb3dc -> 
  custom:container-muxer-webm: aa71ff27fc2769a1b78a27578f13a17b -> 
  custom:container-demuxer-webm: 4f35f7cbe854078d1ac9338744f61a02 -> 
  custom:container-demuxer-ogg: 62fdf1f143b41e24485cea50d1cbac27 -> 
  custom:video-encoder-webm-vp8: eb34c28f22e8b96e1ab97ce403110664 -> 
  custom:video-decoder-webm-vp8: 9c59270c3fd7afecdb556c50c9e8de78 -> 
  custom:audio-decoder-ogg-vorbis: bf7c407c2cedff20999df2af8eb42d56 -> 
  custom:audio-encoder-webm-vorbis: bf7c407c2cedff20999df2af8eb42d56 -> 
========================================================================
Received Prepare
Registering precompiled user dll's ...
Registered in 0.303474 seconds.
Begin MonoManager ReloadAssembly
Native extension for WindowsStandalone target not found
Refreshing native plugins compatible for Editor in 0.74 ms, found 3 plugins.
Preloading 0 native plugins for Editor in 0.00 ms.
Mono: successfully reloaded assembly
- Completed reload, in  3.489 seconds
Domain Reload Profiling:
	ReloadAssembly (3490ms)
		BeginReloadAssembly (799ms)
			ExecutionOrderSort (0ms)
			DisableScriptedObjects (11ms)
			BackupInstance (0ms)
			ReleaseScriptingObjects (0ms)
			CreateAndSetChildDomain (95ms)
		EndReloadAssembly (2605ms)
			LoadAssemblies (1415ms)
			RebuildTransferFunctionScriptingTraits (0ms)
			SetupTypeCache (756ms)
			ReleaseScriptCaches (1ms)
			RebuildScriptCaches (71ms)
			SetupLoadedEditorAssemblies (748ms)
				LogAssemblyErrors (0ms)
				InitializePlatformSupportModulesInManaged (6ms)
				SetLoadedEditorAssemblies (1ms)
				RefreshPlugins (1ms)
				BeforeProcessingInitializeOnLoad (204ms)
				ProcessInitializeOnLoadAttributes (449ms)
				ProcessInitializeOnLoadMethodAttributes (70ms)
				AfterProcessingInitializeOnLoad (16ms)
				EditorAssembliesLoaded (0ms)
			ExecutionOrderSort2 (0ms)
			AwakeInstancesAfterBackupRestoration (15ms)
Platform modules already initialized, skipping
Refreshing native plugins compatible for Editor in 0.61 ms, found 3 plugins.
Preloading 0 native plugins for Editor in 0.00 ms.
Unloading 2381 Unused Serialized files (Serialized files now loaded: 0)
System memory in use before: 116.4 MB.
System memory in use after: 112.8 MB.

Unloading 59 unused Assets to reduce memory usage. Loaded Objects now: 2850.
Total: 7.699300 ms (FindLiveObjects: 0.274200 ms CreateObjectMapping: 0.220700 ms MarkObjects: 4.216400 ms  DeleteObjects: 2.986300 ms)

AssetImportParameters requested are different than current active one (requested -> active):
  custom:framework-win-MediaFoundation: 216162199b28c13a410421893ffa2e32 -> 
  custom:video-decoder-ogg-theora: a1e56fd34408186e4bbccfd4996cb3dc -> 
  custom:container-muxer-webm: aa71ff27fc2769a1b78a27578f13a17b -> 
  custom:container-demuxer-webm: 4f35f7cbe854078d1ac9338744f61a02 -> 
  custom:container-demuxer-ogg: 62fdf1f143b41e24485cea50d1cbac27 -> 
  custom:video-encoder-webm-vp8: eb34c28f22e8b96e1ab97ce403110664 -> 
  custom:video-decoder-webm-vp8: 9c59270c3fd7afecdb556c50c9e8de78 -> 
  custom:audio-decoder-ogg-vorbis: bf7c407c2cedff20999df2af8eb42d56 -> 
  custom:audio-encoder-webm-vorbis: bf7c407c2cedff20999df2af8eb42d56 -> 
========================================================================
Received Prepare
Registering precompiled user dll's ...
Registered in 0.041186 seconds.
Begin MonoManager ReloadAssembly
Native extension for WindowsStandalone target not found
Refreshing native plugins compatible for Editor in 0.61 ms, found 3 plugins.
Preloading 0 native plugins for Editor in 0.00 ms.
Mono: successfully reloaded assembly
- Completed reload, in  2.108 seconds
Domain Reload Profiling:
	ReloadAssembly (2109ms)
		BeginReloadAssembly (310ms)
			ExecutionOrderSort (0ms)
			DisableScriptedObjects (16ms)
			BackupInstance (0ms)
			ReleaseScriptingObjects (0ms)
			CreateAndSetChildDomain (54ms)
		EndReloadAssembly (1659ms)
			LoadAssemblies (357ms)
			RebuildTransferFunctionScriptingTraits (0ms)
			SetupTypeCache (610ms)
			ReleaseScriptCaches (1ms)
			RebuildScriptCaches (70ms)
			SetupLoadedEditorAssemblies (577ms)
				LogAssemblyErrors (0ms)
				InitializePlatformSupportModulesInManaged (6ms)
				SetLoadedEditorAssemblies (1ms)
				RefreshPlugins (1ms)
				BeforeProcessingInitializeOnLoad (210ms)
				ProcessInitializeOnLoadAttributes (332ms)
				ProcessInitializeOnLoadMethodAttributes (19ms)
				AfterProcessingInitializeOnLoad (9ms)
				EditorAssembliesLoaded (0ms)
			ExecutionOrderSort2 (0ms)
			AwakeInstancesAfterBackupRestoration (13ms)
Platform modules already initialized, skipping
Refreshing native plugins compatible for Editor in 0.91 ms, found 3 plugins.
Preloading 0 native plugins for Editor in 0.00 ms.
Unloading 2381 Unused Serialized files (Serialized files now loaded: 0)
System memory in use before: 116.3 MB.
System memory in use after: 112.8 MB.

Unloading 59 unused Assets to reduce memory usage. Loaded Objects now: 2853.
Total: 8.087700 ms (FindLiveObjects: 0.853600 ms CreateObjectMapping: 0.313200 ms MarkObjects: 3.972200 ms  DeleteObjects: 2.947100 ms)

AssetImportParameters requested are different than current active one (requested -> active):
  custom:framework-win-MediaFoundation: 216162199b28c13a410421893ffa2e32 -> 
  custom:video-decoder-ogg-theora: a1e56fd34408186e4bbccfd4996cb3dc -> 
  custom:container-muxer-webm: aa71ff27fc2769a1b78a27578f13a17b -> 
  custom:container-demuxer-webm: 4f35f7cbe854078d1ac9338744f61a02 -> 
  custom:container-demuxer-ogg: 62fdf1f143b41e24485cea50d1cbac27 -> 
  custom:video-encoder-webm-vp8: eb34c28f22e8b96e1ab97ce403110664 -> 
  custom:video-decoder-webm-vp8: 9c59270c3fd7afecdb556c50c9e8de78 -> 
  custom:audio-decoder-ogg-vorbis: bf7c407c2cedff20999df2af8eb42d56 -> 
  custom:audio-encoder-webm-vorbis: bf7c407c2cedff20999df2af8eb42d56 -> 
========================================================================
Received Import Request.
  Time since last request: 486.059897 seconds.
  path: Assets/Spine/Runtime/spine-unity/SkeletonDataModifierAssets/BlendModeMaterials/SkeletonStraightMultiply.mat
  artifactKey: Guid(053fed1e18e65064ca564f05c4027e1e) Importer(815301076,1909f56bfc062723c751e8b465ee728b)
Start importing Assets/Spine/Runtime/spine-unity/SkeletonDataModifierAssets/BlendModeMaterials/SkeletonStraightMultiply.mat using Guid(053fed1e18e65064ca564f05c4027e1e) Importer(815301076,1909f56bfc062723c751e8b465ee728b)  -> (artifact id: 'a809c4b59dba49858c6d4d523b02afa6') in 0.700473 seconds 
========================================================================
Received Import Request.
  Time since last request: 0.000228 seconds.
  path: Assets/Spine/Runtime/spine-unity/SkeletonDataModifierAssets/BlendModeMaterials/SkeletonStraightScreen.mat
  artifactKey: Guid(1a66c2d7ee7642a459bd3831abeb30af) Importer(815301076,1909f56bfc062723c751e8b465ee728b)
Start importing Assets/Spine/Runtime/spine-unity/SkeletonDataModifierAssets/BlendModeMaterials/SkeletonStraightScreen.mat using Guid(1a66c2d7ee7642a459bd3831abeb30af) Importer(815301076,1909f56bfc062723c751e8b465ee728b)  -> (artifact id: '9e81bc5266e2534182ab4ba0ba76c9e2') in 0.174897 seconds 
========================================================================
Received Prepare
Registering precompiled user dll's ...
Registered in 0.014432 seconds.
Begin MonoManager ReloadAssembly
Native extension for WindowsStandalone target not found
Refreshing native plugins compatible for Editor in 2.11 ms, found 3 plugins.
Preloading 0 native plugins for Editor in 0.00 ms.
Mono: successfully reloaded assembly
- Completed reload, in  2.769 seconds
Domain Reload Profiling:
	ReloadAssembly (2770ms)
		BeginReloadAssembly (322ms)
			ExecutionOrderSort (0ms)
			DisableScriptedObjects (15ms)
			BackupInstance (0ms)
			ReleaseScriptingObjects (0ms)
			CreateAndSetChildDomain (66ms)
		EndReloadAssembly (2353ms)
			LoadAssemblies (294ms)
			RebuildTransferFunctionScriptingTraits (0ms)
			SetupTypeCache (790ms)
			ReleaseScriptCaches (2ms)
			RebuildScriptCaches (86ms)
			SetupLoadedEditorAssemblies (1000ms)
				LogAssemblyErrors (0ms)
				InitializePlatformSupportModulesInManaged (7ms)
				SetLoadedEditorAssemblies (1ms)
				RefreshPlugins (2ms)
				BeforeProcessingInitializeOnLoad (158ms)
				ProcessInitializeOnLoadAttributes (781ms)
				ProcessInitializeOnLoadMethodAttributes (38ms)
				AfterProcessingInitializeOnLoad (12ms)
				EditorAssembliesLoaded (0ms)
			ExecutionOrderSort2 (0ms)
			AwakeInstancesAfterBackupRestoration (118ms)
Platform modules already initialized, skipping
Refreshing native plugins compatible for Editor in 0.65 ms, found 3 plugins.
Preloading 0 native plugins for Editor in 0.00 ms.
Unloading 2381 Unused Serialized files (Serialized files now loaded: 0)
System memory in use before: 116.4 MB.
System memory in use after: 112.9 MB.

Unloading 57 unused Assets to reduce memory usage. Loaded Objects now: 2859.
Total: 7.472500 ms (FindLiveObjects: 0.656300 ms CreateObjectMapping: 0.229900 ms MarkObjects: 3.721700 ms  DeleteObjects: 2.862900 ms)

AssetImportParameters requested are different than current active one (requested -> active):
  custom:framework-win-MediaFoundation: 216162199b28c13a410421893ffa2e32 -> 
  custom:video-decoder-ogg-theora: a1e56fd34408186e4bbccfd4996cb3dc -> 
  custom:container-muxer-webm: aa71ff27fc2769a1b78a27578f13a17b -> 
  custom:container-demuxer-webm: 4f35f7cbe854078d1ac9338744f61a02 -> 
  custom:container-demuxer-ogg: 62fdf1f143b41e24485cea50d1cbac27 -> 
  custom:video-encoder-webm-vp8: eb34c28f22e8b96e1ab97ce403110664 -> 
  custom:video-decoder-webm-vp8: 9c59270c3fd7afecdb556c50c9e8de78 -> 
  custom:audio-decoder-ogg-vorbis: bf7c407c2cedff20999df2af8eb42d56 -> 
  custom:audio-encoder-webm-vorbis: bf7c407c2cedff20999df2af8eb42d56 -> 
========================================================================
Received Import Request.
  Time since last request: 378.579197 seconds.
  path: Assets/Plugin/Twain_SD.png
  artifactKey: Guid(5e7fcd7df54064343ad3f178b08160a2) Importer(815301076,1909f56bfc062723c751e8b465ee728b)
Start importing Assets/Plugin/Twain_SD.png using Guid(5e7fcd7df54064343ad3f178b08160a2) Importer(815301076,1909f56bfc062723c751e8b465ee728b)  -> (artifact id: '847cd428789d32daace3aff53f53a18a') in 0.488552 seconds 
========================================================================
Received Import Request.
  Time since last request: 0.011868 seconds.
  path: Assets/Plugin/Twain_SD_3.png
  artifactKey: Guid(9a76206fde0a6354881811dc872f0eb5) Importer(815301076,1909f56bfc062723c751e8b465ee728b)
Start importing Assets/Plugin/Twain_SD_3.png using Guid(9a76206fde0a6354881811dc872f0eb5) Importer(815301076,1909f56bfc062723c751e8b465ee728b)  -> (artifact id: '8b3a8e3c965d42bb6e1ed58297ab96a0') in 0.068459 seconds 
========================================================================
Received Import Request.
  Time since last request: 0.000157 seconds.
  path: Assets/Plugin/Twain_SD_Atlas.asset
  artifactKey: Guid(8ca7360b1b67e7543aaf926024a192be) Importer(815301076,1909f56bfc062723c751e8b465ee728b)
Start importing Assets/Plugin/Twain_SD_Atlas.asset using Guid(8ca7360b1b67e7543aaf926024a192be) Importer(815301076,1909f56bfc062723c751e8b465ee728b)  -> (artifact id: '8ef6363786cf5bc1a7feef3dbb7acc48') in 0.024353 seconds 
========================================================================
Received Import Request.
  Time since last request: 0.000553 seconds.
  path: Assets/Plugin/Twain_SD_Twain_SD_3.mat
  artifactKey: Guid(a0968fc2bee41154792804b763733399) Importer(815301076,1909f56bfc062723c751e8b465ee728b)
Start importing Assets/Plugin/Twain_SD_Twain_SD_3.mat using Guid(a0968fc2bee41154792804b763733399) Importer(815301076,1909f56bfc062723c751e8b465ee728b)  -> (artifact id: 'edc09584b20a97bd957f80738e41adf2') in 0.196306 seconds 
========================================================================
Received Import Request.
  Time since last request: 0.000363 seconds.
  path: Assets/Plugin/Twain_SD_2.png
  artifactKey: Guid(e3c6ae70995ab09419edfee2e2acb69c) Importer(815301076,1909f56bfc062723c751e8b465ee728b)
Start importing Assets/Plugin/Twain_SD_2.png using Guid(e3c6ae70995ab09419edfee2e2acb69c) Importer(815301076,1909f56bfc062723c751e8b465ee728b)  -> (artifact id: 'd19dcaa4d85662a129efc9d80ba6452d') in 0.049716 seconds 
========================================================================
Received Prepare
Registering precompiled user dll's ...
Registered in 0.084282 seconds.
Begin MonoManager ReloadAssembly
Native extension for WindowsStandalone target not found
Refreshing native plugins compatible for Editor in 0.73 ms, found 3 plugins.
Preloading 0 native plugins for Editor in 0.00 ms.
Mono: successfully reloaded assembly
- Completed reload, in  2.233 seconds
Domain Reload Profiling:
	ReloadAssembly (2236ms)
		BeginReloadAssembly (326ms)
			ExecutionOrderSort (0ms)
			DisableScriptedObjects (22ms)
			BackupInstance (0ms)
			ReleaseScriptingObjects (0ms)
			CreateAndSetChildDomain (68ms)
		EndReloadAssembly (1761ms)
			LoadAssemblies (348ms)
			RebuildTransferFunctionScriptingTraits (0ms)
			SetupTypeCache (573ms)
			ReleaseScriptCaches (2ms)
			RebuildScriptCaches (106ms)
			SetupLoadedEditorAssemblies (634ms)
				LogAssemblyErrors (0ms)
				InitializePlatformSupportModulesInManaged (6ms)
				SetLoadedEditorAssemblies (1ms)
				RefreshPlugins (1ms)
				BeforeProcessingInitializeOnLoad (160ms)
				ProcessInitializeOnLoadAttributes (435ms)
				ProcessInitializeOnLoadMethodAttributes (22ms)
				AfterProcessingInitializeOnLoad (9ms)
				EditorAssembliesLoaded (0ms)
			ExecutionOrderSort2 (0ms)
			AwakeInstancesAfterBackupRestoration (22ms)
Platform modules already initialized, skipping
Refreshing native plugins compatible for Editor in 3.50 ms, found 3 plugins.
Preloading 0 native plugins for Editor in 0.00 ms.
Unloading 2379 Unused Serialized files (Serialized files now loaded: 0)
System memory in use before: 116.2 MB.
System memory in use after: 112.8 MB.

Unloading 57 unused Assets to reduce memory usage. Loaded Objects now: 2863.
Total: 16.750800 ms (FindLiveObjects: 0.349200 ms CreateObjectMapping: 0.179800 ms MarkObjects: 12.259800 ms  DeleteObjects: 3.960500 ms)

AssetImportParameters requested are different than current active one (requested -> active):
  custom:framework-win-MediaFoundation: 216162199b28c13a410421893ffa2e32 -> 
  custom:video-decoder-ogg-theora: a1e56fd34408186e4bbccfd4996cb3dc -> 
  custom:container-muxer-webm: aa71ff27fc2769a1b78a27578f13a17b -> 
  custom:container-demuxer-webm: 4f35f7cbe854078d1ac9338744f61a02 -> 
  custom:container-demuxer-ogg: 62fdf1f143b41e24485cea50d1cbac27 -> 
  custom:video-encoder-webm-vp8: eb34c28f22e8b96e1ab97ce403110664 -> 
  custom:video-decoder-webm-vp8: 9c59270c3fd7afecdb556c50c9e8de78 -> 
  custom:audio-decoder-ogg-vorbis: bf7c407c2cedff20999df2af8eb42d56 -> 
  custom:audio-encoder-webm-vorbis: bf7c407c2cedff20999df2af8eb42d56 -> 
========================================================================
Received Import Request.
  Time since last request: 460.143688 seconds.
  path: Assets
  artifactKey: Guid(00000000000000001000000000000000) Importer(815301076,1909f56bfc062723c751e8b465ee728b)
Start importing Assets using Guid(00000000000000001000000000000000) Importer(815301076,1909f56bfc062723c751e8b465ee728b)  -> (artifact id: '42d402b061de3733987d63b9cc3b64de') in 0.036443 seconds 
========================================================================
Received Import Request.
  Time since last request: 20.949633 seconds.
  path: Assets/Script
  artifactKey: Guid(f5627c3627dd4584b9bc917ac1c313bd) Importer(815301076,1909f56bfc062723c751e8b465ee728b)
Start importing Assets/Script using Guid(f5627c3627dd4584b9bc917ac1c313bd) Importer(815301076,1909f56bfc062723c751e8b465ee728b)  -> (artifact id: '0173062b358f5c325cb4be6a58819195') in 0.057479 seconds 
========================================================================
Received Import Request.
  Time since last request: 111.890547 seconds.
  path: Assets/Script/Player.cs
  artifactKey: Guid(5ddc6a6940918894c96dec7b4b78e565) Importer(815301076,1909f56bfc062723c751e8b465ee728b)
Start importing Assets/Script/Player.cs using Guid(5ddc6a6940918894c96dec7b4b78e565) Importer(815301076,1909f56bfc062723c751e8b465ee728b)  -> (artifact id: 'fbc98b0f22c7e1b93097b6ae152b6f78') in 0.770948 seconds 
========================================================================
Received Prepare
Registering precompiled user dll's ...
Registered in 0.008336 seconds.
Begin MonoManager ReloadAssembly
Native extension for WindowsStandalone target not found
Refreshing native plugins compatible for Editor in 0.63 ms, found 3 plugins.
Preloading 0 native plugins for Editor in 0.00 ms.
Mono: successfully reloaded assembly
- Completed reload, in  2.039 seconds
Domain Reload Profiling:
	ReloadAssembly (2039ms)
		BeginReloadAssembly (267ms)
			ExecutionOrderSort (0ms)
			DisableScriptedObjects (10ms)
			BackupInstance (0ms)
			ReleaseScriptingObjects (0ms)
			CreateAndSetChildDomain (49ms)
		EndReloadAssembly (1687ms)
			LoadAssemblies (283ms)
			RebuildTransferFunctionScriptingTraits (0ms)
			SetupTypeCache (569ms)
			ReleaseScriptCaches (2ms)
			RebuildScriptCaches (82ms)
			SetupLoadedEditorAssemblies (690ms)
				LogAssemblyErrors (0ms)
				InitializePlatformSupportModulesInManaged (7ms)
				SetLoadedEditorAssemblies (1ms)
				RefreshPlugins (1ms)
				BeforeProcessingInitializeOnLoad (164ms)
				ProcessInitializeOnLoadAttributes (493ms)
				ProcessInitializeOnLoadMethodAttributes (19ms)
				AfterProcessingInitializeOnLoad (7ms)
				EditorAssembliesLoaded (0ms)
			ExecutionOrderSort2 (0ms)
			AwakeInstancesAfterBackupRestoration (13ms)
Platform modules already initialized, skipping
Refreshing native plugins compatible for Editor in 0.62 ms, found 3 plugins.
Preloading 0 native plugins for Editor in 0.00 ms.
Unloading 2380 Unused Serialized files (Serialized files now loaded: 0)
System memory in use before: 116.1 MB.
System memory in use after: 112.7 MB.

Unloading 57 unused Assets to reduce memory usage. Loaded Objects now: 2867.
Total: 8.166200 ms (FindLiveObjects: 0.351500 ms CreateObjectMapping: 0.402900 ms MarkObjects: 3.977900 ms  DeleteObjects: 3.432400 ms)

AssetImportParameters requested are different than current active one (requested -> active):
  custom:framework-win-MediaFoundation: 216162199b28c13a410421893ffa2e32 -> 
  custom:video-decoder-ogg-theora: a1e56fd34408186e4bbccfd4996cb3dc -> 
  custom:container-muxer-webm: aa71ff27fc2769a1b78a27578f13a17b -> 
  custom:container-demuxer-webm: 4f35f7cbe854078d1ac9338744f61a02 -> 
  custom:container-demuxer-ogg: 62fdf1f143b41e24485cea50d1cbac27 -> 
  custom:video-encoder-webm-vp8: eb34c28f22e8b96e1ab97ce403110664 -> 
  custom:video-decoder-webm-vp8: 9c59270c3fd7afecdb556c50c9e8de78 -> 
  custom:audio-decoder-ogg-vorbis: bf7c407c2cedff20999df2af8eb42d56 -> 
  custom:audio-encoder-webm-vorbis: bf7c407c2cedff20999df2af8eb42d56 -> 
========================================================================
Received Prepare
Registering precompiled user dll's ...
Registered in 0.038760 seconds.
Begin MonoManager ReloadAssembly
Native extension for WindowsStandalone target not found
Refreshing native plugins compatible for Editor in 0.61 ms, found 3 plugins.
Preloading 0 native plugins for Editor in 0.00 ms.
Mono: successfully reloaded assembly
- Completed reload, in  2.613 seconds
Domain Reload Profiling:
	ReloadAssembly (2614ms)
		BeginReloadAssembly (309ms)
			ExecutionOrderSort (0ms)
			DisableScriptedObjects (14ms)
			BackupInstance (0ms)
			ReleaseScriptingObjects (0ms)
			CreateAndSetChildDomain (63ms)
		EndReloadAssembly (2188ms)
			LoadAssemblies (360ms)
			RebuildTransferFunctionScriptingTraits (0ms)
			SetupTypeCache (609ms)
			ReleaseScriptCaches (1ms)
			RebuildScriptCaches (88ms)
			SetupLoadedEditorAssemblies (1010ms)
				LogAssemblyErrors (0ms)
				InitializePlatformSupportModulesInManaged (12ms)
				SetLoadedEditorAssemblies (1ms)
				RefreshPlugins (1ms)
				BeforeProcessingInitializeOnLoad (181ms)
				ProcessInitializeOnLoadAttributes (731ms)
				ProcessInitializeOnLoadMethodAttributes (69ms)
				AfterProcessingInitializeOnLoad (16ms)
				EditorAssembliesLoaded (0ms)
			ExecutionOrderSort2 (0ms)
			AwakeInstancesAfterBackupRestoration (21ms)
Platform modules already initialized, skipping
Refreshing native plugins compatible for Editor in 0.62 ms, found 3 plugins.
Preloading 0 native plugins for Editor in 0.00 ms.
Unloading 2380 Unused Serialized files (Serialized files now loaded: 0)
System memory in use before: 116.2 MB.
System memory in use after: 112.8 MB.

Unloading 57 unused Assets to reduce memory usage. Loaded Objects now: 2870.
Total: 14.290000 ms (FindLiveObjects: 0.252100 ms CreateObjectMapping: 0.136700 ms MarkObjects: 3.949000 ms  DeleteObjects: 9.950600 ms)

AssetImportParameters requested are different than current active one (requested -> active):
  custom:framework-win-MediaFoundation: 216162199b28c13a410421893ffa2e32 -> 
  custom:video-decoder-ogg-theora: a1e56fd34408186e4bbccfd4996cb3dc -> 
  custom:container-muxer-webm: aa71ff27fc2769a1b78a27578f13a17b -> 
  custom:container-demuxer-webm: 4f35f7cbe854078d1ac9338744f61a02 -> 
  custom:container-demuxer-ogg: 62fdf1f143b41e24485cea50d1cbac27 -> 
  custom:video-encoder-webm-vp8: eb34c28f22e8b96e1ab97ce403110664 -> 
  custom:video-decoder-webm-vp8: 9c59270c3fd7afecdb556c50c9e8de78 -> 
  custom:audio-decoder-ogg-vorbis: bf7c407c2cedff20999df2af8eb42d56 -> 
  custom:audio-encoder-webm-vorbis: bf7c407c2cedff20999df2af8eb42d56 -> 
========================================================================
Received Prepare
Registering precompiled user dll's ...
Registered in 0.016914 seconds.
Begin MonoManager ReloadAssembly
Native extension for WindowsStandalone target not found
Refreshing native plugins compatible for Editor in 2.38 ms, found 3 plugins.
Preloading 0 native plugins for Editor in 0.00 ms.
Mono: successfully reloaded assembly
- Completed reload, in  4.082 seconds
Domain Reload Profiling:
	ReloadAssembly (4083ms)
		BeginReloadAssembly (919ms)
			ExecutionOrderSort (0ms)
			DisableScriptedObjects (10ms)
			BackupInstance (0ms)
			ReleaseScriptingObjects (0ms)
			CreateAndSetChildDomain (61ms)
		EndReloadAssembly (3051ms)
			LoadAssemblies (1606ms)
			RebuildTransferFunctionScriptingTraits (0ms)
			SetupTypeCache (725ms)
			ReleaseScriptCaches (2ms)
			RebuildScriptCaches (96ms)
			SetupLoadedEditorAssemblies (943ms)
				LogAssemblyErrors (0ms)
				InitializePlatformSupportModulesInManaged (19ms)
				SetLoadedEditorAssemblies (1ms)
				RefreshPlugins (3ms)
				BeforeProcessingInitializeOnLoad (187ms)
				ProcessInitializeOnLoadAttributes (651ms)
				ProcessInitializeOnLoadMethodAttributes (71ms)
				AfterProcessingInitializeOnLoad (12ms)
				EditorAssembliesLoaded (0ms)
			ExecutionOrderSort2 (0ms)
			AwakeInstancesAfterBackupRestoration (17ms)
Platform modules already initialized, skipping
Refreshing native plugins compatible for Editor in 0.69 ms, found 3 plugins.
Preloading 0 native plugins for Editor in 0.00 ms.
Unloading 2380 Unused Serialized files (Serialized files now loaded: 0)
System memory in use before: 116.2 MB.
System memory in use after: 112.8 MB.

Unloading 57 unused Assets to reduce memory usage. Loaded Objects now: 2873.
Total: 7.862100 ms (FindLiveObjects: 0.245200 ms CreateObjectMapping: 0.126300 ms MarkObjects: 4.140400 ms  DeleteObjects: 3.348400 ms)

AssetImportParameters requested are different than current active one (requested -> active):
  custom:framework-win-MediaFoundation: 216162199b28c13a410421893ffa2e32 -> 
  custom:video-decoder-ogg-theora: a1e56fd34408186e4bbccfd4996cb3dc -> 
  custom:container-muxer-webm: aa71ff27fc2769a1b78a27578f13a17b -> 
  custom:container-demuxer-webm: 4f35f7cbe854078d1ac9338744f61a02 -> 
  custom:container-demuxer-ogg: 62fdf1f143b41e24485cea50d1cbac27 -> 
  custom:video-encoder-webm-vp8: eb34c28f22e8b96e1ab97ce403110664 -> 
  custom:video-decoder-webm-vp8: 9c59270c3fd7afecdb556c50c9e8de78 -> 
  custom:audio-decoder-ogg-vorbis: bf7c407c2cedff20999df2af8eb42d56 -> 
  custom:audio-encoder-webm-vorbis: bf7c407c2cedff20999df2af8eb42d56 -> 
========================================================================
Received Prepare
Registering precompiled user dll's ...
Registered in 0.013029 seconds.
Begin MonoManager ReloadAssembly
Native extension for WindowsStandalone target not found
Refreshing native plugins compatible for Editor in 1.62 ms, found 3 plugins.
Preloading 0 native plugins for Editor in 0.00 ms.
Mono: successfully reloaded assembly
- Completed reload, in  4.970 seconds
Domain Reload Profiling:
	ReloadAssembly (4973ms)
		BeginReloadAssembly (904ms)
			ExecutionOrderSort (0ms)
			DisableScriptedObjects (27ms)
			BackupInstance (0ms)
			ReleaseScriptingObjects (0ms)
			CreateAndSetChildDomain (327ms)
		EndReloadAssembly (3938ms)
			LoadAssemblies (746ms)
			RebuildTransferFunctionScriptingTraits (0ms)
			SetupTypeCache (1274ms)
			ReleaseScriptCaches (2ms)
			RebuildScriptCaches (159ms)
			SetupLoadedEditorAssemblies (1427ms)
				LogAssemblyErrors (0ms)
				InitializePlatformSupportModulesInManaged (11ms)
				SetLoadedEditorAssemblies (1ms)
				RefreshPlugins (2ms)
				BeforeProcessingInitializeOnLoad (202ms)
				ProcessInitializeOnLoadAttributes (1108ms)
				ProcessInitializeOnLoadMethodAttributes (83ms)
				AfterProcessingInitializeOnLoad (21ms)
				EditorAssembliesLoaded (0ms)
			ExecutionOrderSort2 (0ms)
			AwakeInstancesAfterBackupRestoration (54ms)
Platform modules already initialized, skipping
Refreshing native plugins compatible for Editor in 0.66 ms, found 3 plugins.
Preloading 0 native plugins for Editor in 0.00 ms.
Unloading 2380 Unused Serialized files (Serialized files now loaded: 0)
System memory in use before: 116.2 MB.
System memory in use after: 112.8 MB.

Unloading 57 unused Assets to reduce memory usage. Loaded Objects now: 2876.
Total: 13.770000 ms (FindLiveObjects: 0.249800 ms CreateObjectMapping: 1.016800 ms MarkObjects: 4.753800 ms  DeleteObjects: 7.748200 ms)

AssetImportParameters requested are different than current active one (requested -> active):
  custom:framework-win-MediaFoundation: 216162199b28c13a410421893ffa2e32 -> 
  custom:video-decoder-ogg-theora: a1e56fd34408186e4bbccfd4996cb3dc -> 
  custom:container-muxer-webm: aa71ff27fc2769a1b78a27578f13a17b -> 
  custom:container-demuxer-webm: 4f35f7cbe854078d1ac9338744f61a02 -> 
  custom:container-demuxer-ogg: 62fdf1f143b41e24485cea50d1cbac27 -> 
  custom:video-encoder-webm-vp8: eb34c28f22e8b96e1ab97ce403110664 -> 
  custom:video-decoder-webm-vp8: 9c59270c3fd7afecdb556c50c9e8de78 -> 
  custom:audio-decoder-ogg-vorbis: bf7c407c2cedff20999df2af8eb42d56 -> 
  custom:audio-encoder-webm-vorbis: bf7c407c2cedff20999df2af8eb42d56 -> 
